{
  "RSpec": {
    "coverage": {
      "/Users/jamiepalmer/Projects/bookmarkwednesday/bookmark-challenge/spec/bookmark_spec.rb": [
        1,
        1,
        null,
        1,
        1,
        1,
        1,
        null,
        null,
        1,
        1,
        1,
        null,
        1,
        null,
        1,
        1,
        1,
        1,
        1,
        null,
        null,
        null,
        1,
        1,
        1,
        1,
        null,
        1,
        1,
        1,
        1,
        null,
        null,
        1,
        1,
        1,
        1,
        1,
        1,
        1,
        null,
        1,
        1,
        1,
        null,
        null,
        null,
        null,
        null
      ],
      "/Users/jamiepalmer/Projects/bookmarkwednesday/bookmark-challenge/spec/database_helpers.rb": [
        1,
        null,
        1,
        1,
        1,
        null
      ],
      "/Users/jamiepalmer/Projects/bookmarkwednesday/bookmark-challenge/spec/features/adding_a_bookmark_spec.rb": [
        1,
        1,
        1,
        1,
        1,
        1,
        1,
        null,
        null
      ],
      "/Users/jamiepalmer/Projects/bookmarkwednesday/bookmark-challenge/spec/features/deleting_a_bookmark_spec.rb": [
        1,
        1,
        1,
        1,
        1,
        1,
        1,
        1,
        1,
        1,
        null,
        null
      ],
      "/Users/jamiepalmer/Projects/bookmarkwednesday/bookmark-challenge/spec/features/viewing_bookmarks_spec.rb": [
        1,
        null,
        1,
        1,
        1,
        1,
        1,
        null,
        1,
        null,
        1,
        1,
        1,
        null,
        null
      ]
    },
    "timestamp": 1563371272
  }
}
